TN:
SF:packages/environment/src/lib/helpers/async-not-nil.function.ts
FN:25,asyncNotNil
FN:26,(anonymous_1)
FN:34,notNilDueOperator
FN:35,(anonymous_3)
FNF:4
FNH:4
FNDA:6,asyncNotNil
FNDA:6,(anonymous_1)
FNDA:6,notNilDueOperator
FNDA:6,(anonymous_3)
DA:1,7
DA:3,7
DA:25,7
DA:26,6
DA:28,6
DA:35,6
DA:36,6
LF:7
LH:7
BRDA:36,0,0,4
BRDA:36,0,1,2
BRF:2
BRH:2
end_of_record
TN:
SF:packages/environment/src/lib/helpers/filter-nil.operator.ts
FN:15,filterNil
FN:16,(anonymous_1)
FNF:2
FNH:2
FNDA:13,filterNil
FNDA:29,(anonymous_1)
DA:2,8
DA:15,8
DA:16,29
LF:3
LH:3
BRF:0
BRH:0
end_of_record
TN:
SF:packages/environment/src/lib/helpers/index.ts
FNF:0
FNH:0
DA:17,6
DA:18,6
DA:19,6
DA:20,6
LF:4
LH:4
BRF:0
BRH:0
end_of_record
TN:
SF:packages/environment/src/lib/helpers/mutable.function.ts
FN:26,mutable
FNF:1
FNH:1
FNDA:36,mutable
DA:1,7
DA:26,7
DA:27,36
LF:3
LH:3
BRDA:27,0,0,33
BRDA:27,0,1,3
BRF:2
BRH:2
end_of_record
TN:
SF:packages/environment/src/lib/loader/create-environment-loader.function.ts
FN:14,createEnvironmentLoader
FNF:1
FNH:1
FNDA:3,createEnvironmentLoader
DA:5,1
DA:14,1
DA:18,3
LF:3
LH:3
BRF:0
BRH:0
end_of_record
TN:
SF:packages/environment/src/lib/loader/environment-loader.application.ts
FN:42,(anonymous_0)
FN:47,(anonymous_1)
FN:60,(anonymous_2)
FN:68,(anonymous_4)
FN:72,(anonymous_5)
FN:76,(anonymous_6)
FN:81,(anonymous_7)
FN:84,(anonymous_8)
FN:85,(anonymous_9)
FN:90,(anonymous_10)
FN:91,(anonymous_11)
FN:97,(anonymous_12)
FN:100,(anonymous_13)
FN:108,(anonymous_14)
FN:110,(anonymous_15)
FN:117,(anonymous_16)
FN:119,(anonymous_17)
FN:126,(anonymous_18)
FN:127,(anonymous_19)
FN:128,(anonymous_20)
FN:134,(anonymous_21)
FN:141,(anonymous_22)
FN:142,(anonymous_23)
FN:157,(anonymous_24)
FN:161,(anonymous_25)
FN:169,(anonymous_26)
FN:184,(anonymous_27)
FN:195,(anonymous_28)
FN:203,(anonymous_29)
FN:217,(anonymous_30)
FN:224,(anonymous_31)
FN:231,(anonymous_32)
FN:232,(anonymous_33)
FN:239,(anonymous_34)
FN:251,(anonymous_35)
FN:255,(anonymous_36)
FNF:36
FNH:36
FNDA:70,(anonymous_0)
FNDA:7,(anonymous_1)
FNDA:65,(anonymous_2)
FNDA:53,(anonymous_4)
FNDA:11,(anonymous_5)
FNDA:64,(anonymous_6)
FNDA:65,(anonymous_7)
FNDA:106,(anonymous_8)
FNDA:74,(anonymous_9)
FNDA:144,(anonymous_10)
FNDA:64,(anonymous_11)
FNDA:65,(anonymous_12)
FNDA:64,(anonymous_13)
FNDA:65,(anonymous_14)
FNDA:106,(anonymous_15)
FNDA:65,(anonymous_16)
FNDA:106,(anonymous_17)
FNDA:130,(anonymous_18)
FNDA:106,(anonymous_19)
FNDA:98,(anonymous_20)
FNDA:126,(anonymous_21)
FNDA:25,(anonymous_22)
FNDA:97,(anonymous_23)
FNDA:124,(anonymous_24)
FNDA:126,(anonymous_25)
FNDA:25,(anonymous_26)
FNDA:25,(anonymous_27)
FNDA:221,(anonymous_28)
FNDA:106,(anonymous_29)
FNDA:68,(anonymous_30)
FNDA:12,(anonymous_31)
FNDA:71,(anonymous_32)
FNDA:118,(anonymous_33)
FNDA:127,(anonymous_34)
FNDA:69,(anonymous_35)
FNDA:114,(anonymous_36)
DA:2,2
DA:3,2
DA:24,2
DA:25,2
DA:30,2
DA:31,70
DA:32,70
DA:33,70
DA:35,70
DA:43,70
DA:44,70
DA:46,70
DA:47,70
DA:48,7
DA:61,65
DA:62,65
DA:64,65
DA:65,65
DA:67,65
DA:69,53
DA:70,53
DA:73,11
DA:74,11
DA:77,64
DA:82,65
DA:84,106
DA:85,74
DA:88,65
DA:90,144
DA:91,64
DA:98,65
DA:101,64
DA:102,64
DA:109,65
DA:110,106
DA:112,65
DA:114,65
DA:118,65
DA:119,106
DA:121,65
DA:123,65
DA:127,130
DA:128,106
DA:129,98
DA:131,98
DA:135,126
DA:136,126
DA:137,126
DA:138,116
DA:141,25
DA:143,97
DA:144,97
DA:158,124
DA:162,126
DA:163,3
DA:165,123
DA:170,25
DA:171,25
DA:172,25
DA:173,25
DA:175,25
DA:177,25
DA:178,9
DA:181,25
DA:185,25
DA:186,12
DA:189,13
DA:190,13
DA:192,13
DA:196,221
DA:197,159
DA:199,159
DA:204,106
DA:206,106
DA:207,102
DA:208,102
DA:211,106
DA:218,68
DA:225,12
DA:232,118
DA:240,127
DA:242,127
DA:243,124
DA:244,124
DA:252,69
DA:253,69
DA:254,69
DA:255,114
LF:88
LH:88
BRDA:162,0,0,3
BRDA:162,0,1,123
BRDA:171,1,0,22
BRDA:171,1,1,3
BRDA:171,2,0,25
BRDA:171,2,1,25
BRDA:172,3,0,11
BRDA:172,3,1,14
BRDA:177,4,0,9
BRDA:177,5,0,25
BRDA:177,5,1,14
BRDA:177,5,2,13
BRDA:185,6,0,12
BRDA:196,7,0,159
BRDA:206,8,0,102
BRDA:242,9,0,124
BRF:16
BRH:16
end_of_record
TN:
SF:packages/environment/src/lib/loader/environment-sources-factory.function.ts
FN:10,environmentSourcesFactory
FN:18,(anonymous_1)
FN:19,(anonymous_2)
FN:25,environmentSourceFactory
FN:34,(anonymous_4)
FNF:5
FNH:5
FNDA:114,environmentSourcesFactory
FNDA:50,(anonymous_1)
FNDA:50,(anonymous_2)
FNDA:50,environmentSourceFactory
FNDA:250,(anonymous_4)
DA:1,3
DA:3,3
DA:10,3
DA:11,114
DA:12,68
DA:15,46
DA:17,46
DA:18,50
DA:19,50
DA:26,50
DA:34,50
DA:35,250
LF:12
LH:12
BRDA:11,0,0,68
BRDA:15,1,0,4
BRDA:15,1,1,42
BRDA:35,2,0,233
BRDA:35,2,1,17
BRF:5
BRH:5
end_of_record
TN:
SF:packages/environment/src/lib/loader/lifecycle-hook.function.ts
FN:6,lifecycleHook
FNF:1
FNH:1
FNDA:657,lifecycleHook
DA:6,3
DA:7,657
DA:8,656
DA:11,1
LF:4
LH:4
BRDA:7,0,0,656
BRF:1
BRH:1
end_of_record
TN:
SF:packages/environment/src/lib/path/index.ts
FNF:0
FNH:0
DA:6,5
DA:7,5
DA:8,5
DA:9,5
DA:10,5
LF:5
LH:5
BRF:0
BRH:0
end_of_record
TN:
SF:packages/environment/src/lib/path/is-path.function.ts
FN:17,isPath
FN:21,isValidComplexKey
FN:24,(anonymous_2)
FN:28,isValidArrayKey
FN:29,(anonymous_4)
FN:32,isValidStringKey
FNF:6
FNH:6
FNDA:112,isPath
FNDA:112,isValidComplexKey
FNDA:102,(anonymous_2)
FNDA:63,isValidArrayKey
FNDA:61,(anonymous_4)
FNDA:275,isValidStringKey
DA:17,6
DA:18,112
DA:22,112
DA:24,102
DA:29,63
DA:33,275
LF:6
LH:6
BRDA:18,0,0,112
BRDA:18,0,1,63
BRDA:23,1,0,112
BRDA:23,1,1,89
BRDA:23,1,2,49
BRDA:29,2,0,63
BRDA:29,2,1,35
BRDA:29,2,2,33
BRDA:33,3,0,275
BRDA:33,3,1,235
BRF:10
BRH:10
end_of_record
TN:
SF:packages/environment/src/lib/path/overwrites-path.function.ts
FN:23,overwritesPath
FNF:1
FNH:1
FNDA:38,overwritesPath
DA:1,5
DA:3,5
DA:5,5
DA:23,5
DA:24,38
DA:25,3
DA:28,35
DA:30,35
DA:31,31
DA:33,31
DA:34,12
DA:37,19
DA:39,19
DA:42,4
LF:14
LH:14
BRDA:24,0,0,3
BRDA:30,1,0,31
BRDA:30,2,0,35
BRDA:30,2,1,23
BRDA:33,3,0,12
BRF:5
BRH:5
end_of_record
TN:
SF:packages/environment/src/lib/path/path-as-array.function.ts
FN:13,pathAsArray
FNF:1
FNH:1
FNDA:42,pathAsArray
DA:13,6
DA:14,42
LF:2
LH:2
BRDA:14,0,0,24
BRDA:14,0,1,18
BRF:2
BRH:2
end_of_record
TN:
SF:packages/environment/src/lib/path/path-as-string.function.ts
FN:13,pathAsString
FNF:1
FNH:1
FNDA:46,pathAsString
DA:13,6
DA:14,46
LF:2
LH:2
BRDA:14,0,0,10
BRDA:14,0,1,36
BRF:2
BRH:2
end_of_record
TN:
SF:packages/environment/src/lib/query/create-environment-query.function.ts
FN:12,createEnvironmentQuery
FNF:1
FNH:1
FNDA:2,createEnvironmentQuery
DA:3,1
DA:12,1
DA:13,2
LF:3
LH:3
BRF:0
BRH:0
end_of_record
TN:
SF:packages/environment/src/lib/query/environment-query-config-factory.function.ts
FN:19,environmentQueryConfigFactory
FNF:1
FNH:1
FNDA:45,environmentQueryConfigFactory
DA:19,3
DA:20,45
LF:2
LH:2
BRDA:21,0,0,2
BRDA:21,0,1,43
BRDA:21,1,0,45
BRDA:21,1,1,45
BRDA:21,2,0,41
BRDA:21,2,1,4
BRDA:21,3,0,45
BRDA:21,3,1,45
BRDA:22,4,0,2
BRDA:22,4,1,43
BRDA:22,5,0,45
BRDA:22,5,1,45
BRDA:22,6,0,41
BRDA:22,6,1,4
BRDA:22,7,0,45
BRDA:22,7,1,45
BRF:16
BRH:16
end_of_record
TN:
SF:packages/environment/src/lib/query/environment-query.application.ts
FN:28,(anonymous_0)
FN:34,(anonymous_1)
FN:42,(anonymous_2)
FN:45,(anonymous_4)
FN:55,(anonymous_5)
FN:65,(anonymous_6)
FN:66,(anonymous_7)
FN:69,(anonymous_8)
FN:80,(anonymous_9)
FN:92,(anonymous_10)
FN:93,(anonymous_11)
FN:104,(anonymous_12)
FN:105,(anonymous_13)
FN:108,(anonymous_14)
FN:119,(anonymous_15)
FN:131,(anonymous_16)
FN:132,(anonymous_17)
FN:137,(anonymous_18)
FN:141,(anonymous_19)
FN:143,(anonymous_20)
FN:148,(anonymous_21)
FN:154,(anonymous_22)
FN:155,(anonymous_23)
FN:155,(anonymous_24)
FN:158,(anonymous_25)
FN:159,(anonymous_26)
FN:162,(anonymous_27)
FN:163,(anonymous_28)
FN:173,(anonymous_29)
FN:175,(anonymous_30)
FN:176,(anonymous_31)
FN:177,(anonymous_32)
FN:178,(anonymous_33)
FN:192,(anonymous_34)
FN:205,(anonymous_35)
FN:216,(anonymous_36)
FN:220,(anonymous_37)
FN:224,(anonymous_38)
FN:228,(anonymous_39)
FN:239,(anonymous_40)
FN:258,(anonymous_41)
FN:271,(anonymous_42)
FN:279,(anonymous_43)
FN:280,(anonymous_44)
FN:283,(anonymous_45)
FN:293,(anonymous_46)
FNF:46
FNH:46
FNDA:41,(anonymous_0)
FNDA:24,(anonymous_1)
FNDA:1,(anonymous_2)
FNDA:2,(anonymous_4)
FNDA:28,(anonymous_5)
FNDA:3,(anonymous_6)
FNDA:5,(anonymous_7)
FNDA:7,(anonymous_8)
FNDA:1,(anonymous_9)
FNDA:3,(anonymous_10)
FNDA:6,(anonymous_11)
FNDA:3,(anonymous_12)
FNDA:5,(anonymous_13)
FNDA:6,(anonymous_14)
FNDA:1,(anonymous_15)
FNDA:2,(anonymous_16)
FNDA:4,(anonymous_17)
FNDA:31,(anonymous_18)
FNDA:10,(anonymous_19)
FNDA:21,(anonymous_20)
FNDA:10,(anonymous_21)
FNDA:2,(anonymous_22)
FNDA:2,(anonymous_23)
FNDA:3,(anonymous_24)
FNDA:10,(anonymous_25)
FNDA:18,(anonymous_26)
FNDA:8,(anonymous_27)
FNDA:10,(anonymous_28)
FNDA:21,(anonymous_29)
FNDA:60,(anonymous_30)
FNDA:60,(anonymous_31)
FNDA:60,(anonymous_32)
FNDA:60,(anonymous_33)
FNDA:5,(anonymous_34)
FNDA:27,(anonymous_35)
FNDA:87,(anonymous_36)
FNDA:87,(anonymous_37)
FNDA:87,(anonymous_38)
FNDA:87,(anonymous_39)
FNDA:21,(anonymous_40)
FNDA:17,(anonymous_41)
FNDA:19,(anonymous_42)
FNDA:38,(anonymous_43)
FNDA:76,(anonymous_44)
FNDA:17,(anonymous_45)
FNDA:17,(anonymous_46)
DA:1,2
DA:2,2
DA:3,2
DA:5,2
DA:7,2
DA:9,2
DA:17,2
DA:21,41
DA:28,41
DA:35,24
DA:43,1
DA:45,2
DA:48,1
DA:56,28
DA:66,5
DA:68,3
DA:69,7
DA:81,1
DA:83,1
DA:93,6
DA:95,3
DA:105,5
DA:107,3
DA:108,6
DA:120,1
DA:122,1
DA:132,4
DA:134,2
DA:138,31
DA:142,10
DA:143,21
DA:149,10
DA:151,10
DA:155,3
DA:159,18
DA:163,10
DA:174,21
DA:175,60
DA:176,60
DA:177,60
DA:179,60
DA:193,5
DA:195,5
DA:206,27
DA:208,27
DA:209,27
DA:210,27
DA:211,27
DA:213,27
DA:217,87
DA:221,87
DA:225,87
DA:234,87
DA:245,21
DA:247,21
DA:248,2
DA:251,21
DA:252,2
DA:255,21
DA:256,19
DA:258,19
DA:259,17
DA:264,17
DA:268,2
DA:272,19
DA:273,19
DA:274,19
DA:276,19
DA:280,76
DA:284,17
DA:285,14
DA:288,3
DA:290,3
DA:294,17
DA:296,17
DA:297,2
DA:300,15
DA:301,15
DA:303,1
LF:79
LH:79
BRDA:176,0,0,38
BRDA:176,0,1,22
BRDA:176,1,0,60
BRDA:176,1,1,60
BRDA:177,2,0,38
BRDA:177,2,1,22
BRDA:177,3,0,60
BRDA:177,3,1,60
BRDA:179,4,0,38
BRDA:179,4,1,22
BRDA:179,5,0,60
BRDA:179,5,1,60
BRDA:179,6,0,38
BRDA:179,6,1,22
BRDA:179,7,0,60
BRDA:179,7,1,60
BRDA:179,8,0,38
BRDA:179,8,1,22
BRDA:179,9,0,60
BRDA:179,9,1,60
BRDA:209,10,0,12
BRDA:209,10,1,15
BRDA:209,11,0,27
BRDA:209,11,1,27
BRDA:210,12,0,12
BRDA:210,12,1,15
BRDA:210,13,0,27
BRDA:210,13,1,27
BRDA:211,14,0,12
BRDA:211,14,1,15
BRDA:211,15,0,27
BRDA:211,15,1,27
BRDA:211,16,0,12
BRDA:211,16,1,15
BRDA:211,17,0,27
BRDA:211,17,1,27
BRDA:211,18,0,12
BRDA:211,18,1,15
BRDA:211,19,0,27
BRDA:211,19,1,27
BRDA:221,20,0,6
BRDA:221,20,1,81
BRDA:221,21,0,87
BRDA:221,21,1,37
BRDA:225,22,0,9
BRDA:225,22,1,78
BRDA:225,23,0,87
BRDA:225,23,1,56
BRDA:234,24,0,21
BRDA:234,24,1,66
BRDA:234,25,0,87
BRDA:234,25,1,56
BRDA:247,26,0,2
BRDA:251,27,0,2
BRDA:255,28,0,19
BRDA:284,29,0,14
BRDA:296,30,0,2
BRDA:301,31,0,2
BRDA:301,31,1,13
BRF:59
BRH:59
end_of_record
TN:
SF:packages/environment/src/lib/service/create-environment-service.function.ts
FN:10,createEnvironmentService
FNF:1
FNH:1
FNDA:1,createEnvironmentService
DA:2,3
DA:10,3
DA:11,1
LF:3
LH:3
BRF:0
BRH:0
end_of_record
TN:
SF:packages/environment/src/lib/service/environment-result-code.enum.ts
FN:1,(anonymous_0)
FNF:1
FNH:1
FNDA:4,(anonymous_0)
DA:1,4
DA:2,4
DA:3,4
DA:4,4
DA:5,4
DA:6,4
DA:7,4
LF:7
LH:7
BRDA:1,0,0,4
BRDA:1,0,1,4
BRF:2
BRH:2
end_of_record
TN:
SF:packages/environment/src/lib/service/environment-service.application.ts
FN:18,(anonymous_0)
FN:31,(anonymous_1)
FN:57,(anonymous_2)
FN:95,(anonymous_3)
FN:132,(anonymous_4)
FN:168,(anonymous_5)
FN:185,(anonymous_6)
FN:213,(anonymous_7)
FN:251,(anonymous_8)
FNF:9
FNH:9
FNDA:121,(anonymous_0)
FNDA:2,(anonymous_1)
FNDA:11,(anonymous_2)
FNDA:7,(anonymous_3)
FNDA:7,(anonymous_4)
FNDA:7,(anonymous_5)
FNDA:16,(anonymous_6)
FNDA:19,(anonymous_7)
FNDA:9,(anonymous_8)
DA:1,4
DA:3,4
DA:4,4
DA:5,4
DA:7,4
DA:13,4
DA:18,121
DA:32,2
DA:34,2
DA:58,11
DA:59,2
DA:62,9
DA:63,9
DA:64,9
DA:66,9
DA:67,4
DA:70,5
DA:72,5
DA:96,7
DA:97,2
DA:100,5
DA:101,5
DA:103,5
DA:104,2
DA:107,3
DA:109,3
DA:133,7
DA:134,2
DA:137,5
DA:138,5
DA:140,5
DA:142,5
DA:169,7
DA:170,2
DA:173,5
DA:174,5
DA:176,5
DA:177,2
DA:180,3
DA:182,3
DA:186,16
DA:187,16
DA:189,16
DA:214,19
DA:215,2
DA:218,17
DA:219,7
DA:221,7
DA:223,7
DA:252,9
DA:253,2
DA:256,7
DA:257,7
DA:258,7
DA:260,7
DA:262,7
LF:56
LH:56
BRDA:58,0,0,2
BRDA:66,1,0,4
BRDA:66,2,0,9
BRDA:66,2,1,7
BRDA:96,3,0,2
BRDA:103,4,0,2
BRDA:133,5,0,2
BRDA:143,6,0,2
BRDA:143,6,1,3
BRDA:169,7,0,2
BRDA:176,8,0,2
BRDA:214,9,0,2
BRDA:214,10,0,19
BRDA:214,10,1,6
BRDA:219,11,0,4
BRDA:219,11,1,3
BRDA:226,12,0,3
BRDA:226,12,1,4
BRDA:252,13,0,2
BRDA:252,14,0,9
BRDA:252,14,1,6
BRDA:257,15,0,4
BRDA:257,15,1,3
BRDA:265,16,0,3
BRDA:265,16,1,4
BRF:25
BRH:25
end_of_record
TN:
SF:packages/environment/src/lib/service/index.ts
FNF:0
FNH:0
DA:5,2
DA:6,2
DA:7,2
DA:8,2
LF:4
LH:4
BRF:0
BRH:0
end_of_record
TN:
SF:packages/environment/src/lib/shared/index.ts
FNF:0
FNH:0
DA:1,6
LF:1
LH:1
BRF:0
BRH:0
end_of_record
TN:
SF:packages/environment/src/lib/shared/merge-arrays-customizer.function.ts
FN:4,mergeArraysCustomizer
FNF:1
FNH:1
FNDA:15,mergeArraysCustomizer
DA:4,7
DA:5,15
DA:6,2
DA:9,13
LF:4
LH:4
BRDA:5,0,0,2
BRDA:5,1,0,15
BRDA:5,1,1,3
BRF:3
BRH:3
end_of_record
TN:
SF:packages/environment/src/lib/source/environment-source.gateway.ts
FNF:0
FNH:0
DA:9,2
LF:1
LH:1
BRF:0
BRH:0
end_of_record
TN:
SF:packages/environment/src/lib/source/index.ts
FNF:0
FNH:0
DA:5,2
LF:1
LH:1
BRF:0
BRH:0
end_of_record
TN:
SF:packages/environment/src/lib/store/environment-store.gateway.ts
FNF:0
FNH:0
DA:8,7
LF:1
LH:1
BRF:0
BRH:0
end_of_record
