TN:
SF:packages/environment/src/lib/helpers/as-error.function.ts
FN:9,asError
FNF:1
FNH:1
FNDA:53,asError
DA:1,18
DA:9,18
DA:10,53
DA:11,48
DA:14,5
DA:16,5
LF:6
LH:6
BRDA:10,0,0,48
BRF:1
BRH:1
end_of_record
TN:
SF:packages/environment/src/lib/helpers/as-string.function.ts
FN:7,asString
FN:15,asStringReplacer
FNF:2
FNH:2
FNDA:71,asString
FNDA:57,asStringReplacer
DA:7,19
DA:8,71
DA:9,71
DA:11,2
DA:16,57
DA:17,2
DA:20,55
LF:7
LH:7
BRDA:9,0,0,25
BRDA:9,0,1,46
BRDA:16,1,0,2
BRF:3
BRH:3
end_of_record
TN:
SF:packages/environment/src/lib/helpers/delayed-promise.function.ts
FN:7,delayedPromise
FN:8,(anonymous_1)
FN:8,(anonymous_2)
FNF:3
FNH:3
FNDA:2,delayedPromise
FNDA:2,(anonymous_1)
FNDA:2,(anonymous_2)
DA:7,18
DA:8,2
LF:2
LH:2
BRF:0
BRH:0
end_of_record
TN:
SF:packages/environment/src/lib/helpers/filter-nil.operator.ts
FN:9,filterNil
FN:10,(anonymous_1)
FNF:2
FNH:2
FNDA:10,filterNil
FNDA:22,(anonymous_1)
DA:2,18
DA:9,18
DA:10,22
LF:3
LH:3
BRF:0
BRH:0
end_of_record
TN:
SF:packages/environment/src/lib/helpers/if-defined.function.ts
FN:7,ifDefined
FNF:1
FNH:1
FNDA:862,ifDefined
DA:7,18
DA:8,862
LF:2
LH:2
BRDA:8,0,0,112
BRDA:8,0,1,750
BRF:2
BRH:2
end_of_record
TN:
SF:packages/environment/src/lib/helpers/index.ts
FNF:0
FNH:0
DA:5,17
DA:6,17
DA:7,17
DA:8,17
DA:9,17
DA:10,17
DA:11,17
DA:12,17
LF:8
LH:8
BRF:0
BRH:0
end_of_record
TN:
SF:packages/environment/src/lib/helpers/mutable.function.ts
FN:18,mutable
FNF:1
FNH:1
FNDA:79,mutable
DA:1,18
DA:18,18
DA:19,79
LF:3
LH:3
BRDA:19,0,0,76
BRDA:19,0,1,3
BRF:2
BRH:2
end_of_record
TN:
SF:packages/environment/src/lib/lifecycle-hooks/index.ts
FNF:0
FNH:0
DA:5,6
DA:6,6
DA:7,6
DA:8,6
DA:9,6
DA:10,6
DA:11,6
DA:12,6
DA:13,6
DA:14,6
LF:10
LH:10
BRF:0
BRH:0
end_of_record
TN:
SF:packages/environment/src/lib/lifecycle-hooks/lifecycle-hook.function.ts
FN:9,lifecycleHook
FNF:1
FNH:1
FNDA:370,lifecycleHook
DA:9,7
DA:10,370
DA:11,15
DA:14,355
LF:4
LH:4
BRDA:10,0,0,15
BRF:1
BRH:1
end_of_record
TN:
SF:packages/environment/src/lib/loader/create-environment-loader.function.ts
FN:14,createEnvironmentLoader
FNF:1
FNH:1
FNDA:34,createEnvironmentLoader
DA:5,5
DA:14,5
DA:18,34
LF:3
LH:3
BRF:0
BRH:0
end_of_record
TN:
SF:packages/environment/src/lib/loader/environment-loader.application.ts
FN:48,(anonymous_0)
FN:53,(anonymous_1)
FN:61,(anonymous_3)
FN:65,(anonymous_4)
FN:69,(anonymous_5)
FN:74,(anonymous_6)
FN:76,(anonymous_7)
FN:76,(anonymous_8)
FN:81,(anonymous_9)
FN:82,(anonymous_10)
FN:88,(anonymous_11)
FN:91,(anonymous_12)
FN:99,(anonymous_13)
FN:100,(anonymous_14)
FN:106,(anonymous_15)
FN:107,(anonymous_16)
FN:113,(anonymous_17)
FN:114,(anonymous_18)
FN:115,(anonymous_19)
FN:121,(anonymous_20)
FN:122,(anonymous_21)
FN:123,(anonymous_22)
FN:124,(anonymous_23)
FN:125,(anonymous_24)
FN:126,(anonymous_25)
FN:127,(anonymous_26)
FN:128,(anonymous_27)
FN:137,(anonymous_28)
FN:147,(anonymous_29)
FN:152,(anonymous_30)
FN:156,(anonymous_31)
FN:172,(anonymous_32)
FN:186,(anonymous_33)
FN:194,(anonymous_34)
FN:195,(anonymous_35)
FN:198,(anonymous_36)
FN:202,(anonymous_37)
FN:208,(anonymous_38)
FN:209,(anonymous_39)
FN:212,(anonymous_40)
FN:221,(anonymous_41)
FN:225,(anonymous_42)
FNF:42
FNH:42
FNDA:72,(anonymous_0)
FNDA:42,(anonymous_1)
FNDA:33,(anonymous_3)
FNDA:8,(anonymous_4)
FNDA:41,(anonymous_5)
FNDA:42,(anonymous_6)
FNDA:51,(anonymous_7)
FNDA:22,(anonymous_8)
FNDA:65,(anonymous_9)
FNDA:41,(anonymous_10)
FNDA:42,(anonymous_11)
FNDA:40,(anonymous_12)
FNDA:42,(anonymous_13)
FNDA:51,(anonymous_14)
FNDA:42,(anonymous_15)
FNDA:51,(anonymous_16)
FNDA:84,(anonymous_17)
FNDA:51,(anonymous_18)
FNDA:50,(anonymous_19)
FNDA:11,(anonymous_20)
FNDA:68,(anonymous_21)
FNDA:68,(anonymous_22)
FNDA:68,(anonymous_23)
FNDA:68,(anonymous_24)
FNDA:68,(anonymous_25)
FNDA:10,(anonymous_26)
FNDA:48,(anonymous_27)
FNDA:11,(anonymous_28)
FNDA:68,(anonymous_29)
FNDA:66,(anonymous_30)
FNDA:68,(anonymous_31)
FNDA:10,(anonymous_32)
FNDA:100,(anonymous_33)
FNDA:2,(anonymous_34)
FNDA:2,(anonymous_35)
FNDA:42,(anonymous_36)
FNDA:8,(anonymous_37)
FNDA:42,(anonymous_38)
FNDA:51,(anonymous_39)
FNDA:52,(anonymous_40)
FNDA:41,(anonymous_41)
FNDA:50,(anonymous_42)
DA:1,6
DA:2,6
DA:22,6
DA:23,6
DA:24,6
DA:26,6
DA:29,6
DA:34,6
DA:35,72
DA:36,72
DA:37,72
DA:38,70
DA:41,70
DA:49,72
DA:50,72
DA:54,42
DA:55,42
DA:57,42
DA:58,42
DA:60,42
DA:62,33
DA:63,33
DA:66,8
DA:67,8
DA:70,41
DA:75,42
DA:76,51
DA:79,42
DA:81,65
DA:82,41
DA:89,42
DA:92,40
DA:93,40
DA:100,51
DA:101,42
DA:103,42
DA:107,51
DA:108,42
DA:110,42
DA:114,84
DA:115,51
DA:116,50
DA:117,50
DA:119,49
DA:121,11
DA:122,68
DA:123,68
DA:124,68
DA:125,68
DA:126,68
DA:127,10
DA:129,48
DA:130,48
DA:138,11
DA:139,3
DA:141,1
DA:144,8
DA:148,68
DA:153,66
DA:157,68
DA:159,1
DA:160,1
DA:162,2
DA:163,2
DA:165,1
DA:166,1
DA:168,64
DA:173,10
DA:174,10
DA:175,10
DA:177,10
DA:179,10
DA:180,7
DA:183,10
DA:187,100
DA:188,46
DA:190,46
DA:195,2
DA:199,42
DA:203,8
DA:205,8
DA:209,51
DA:213,52
DA:215,52
DA:216,52
DA:217,52
DA:222,41
DA:223,41
DA:224,41
DA:225,50
LF:90
LH:90
BRDA:119,0,0,1
BRDA:119,0,1,48
BRDA:138,1,0,3
BRDA:148,2,0,1
BRDA:148,2,1,67
BRDA:157,3,0,1
BRDA:157,3,1,2
BRDA:157,3,2,1
BRDA:157,3,3,64
BRDA:174,4,0,4
BRDA:174,4,1,6
BRDA:179,5,0,7
BRDA:179,6,0,10
BRDA:179,6,1,8
BRDA:179,6,2,7
BRDA:187,7,0,46
BRDA:215,8,0,52
BRF:17
BRH:17
end_of_record
TN:
SF:packages/environment/src/lib/loader/environment-loader.interface.ts
FNF:0
FNH:0
DA:7,4
LF:1
LH:1
BRF:0
BRH:0
end_of_record
TN:
SF:packages/environment/src/lib/loader/index.ts
FNF:0
FNH:0
DA:5,4
DA:6,4
DA:7,4
DA:8,4
LF:4
LH:4
BRF:0
BRH:0
end_of_record
TN:
SF:packages/environment/src/lib/loader/sources-subject-factory.function.ts
FN:10,sourcesSubjectFactory
FN:11,(anonymous_1)
FNF:2
FNH:2
FNDA:72,sourcesSubjectFactory
FNDA:64,(anonymous_1)
DA:1,7
DA:10,7
DA:11,72
DA:12,64
DA:14,64
LF:5
LH:5
BRF:0
BRH:0
end_of_record
TN:
SF:packages/environment/src/lib/loader-source/duplicated-environment-sources.error.ts
FN:11,(anonymous_0)
FNF:1
FNH:1
FNDA:7,(anonymous_0)
DA:4,8
DA:12,7
DA:13,7
DA:14,7
LF:4
LH:4
BRF:0
BRH:0
end_of_record
TN:
SF:packages/environment/src/lib/loader-source/index.ts
FNF:0
FNH:0
DA:5,6
DA:6,6
DA:7,6
DA:8,6
LF:4
LH:4
BRF:0
BRH:0
end_of_record
TN:
SF:packages/environment/src/lib/loader-source/loader-source-factory.function.ts
FN:10,loaderSourceFactory
FN:24,randomId
FNF:2
FNH:2
FNDA:80,loaderSourceFactory
FNDA:49,randomId
DA:1,8
DA:10,8
DA:11,80
DA:12,3
DA:15,77
DA:16,77
DA:17,77
DA:18,77
DA:19,77
DA:21,77
DA:25,49
DA:27,49
LF:12
LH:12
BRDA:11,0,0,3
BRDA:15,1,0,28
BRDA:15,1,1,49
BRDA:15,2,0,77
BRDA:15,2,1,77
BRDA:16,3,0,25
BRDA:16,3,1,52
BRDA:16,4,0,77
BRDA:16,4,1,77
BRDA:17,5,0,13
BRDA:17,5,1,64
BRDA:17,6,0,77
BRDA:17,6,1,77
BRDA:18,7,0,4
BRDA:18,7,1,73
BRDA:18,8,0,77
BRDA:18,8,1,77
BRDA:19,9,0,8
BRDA:19,9,1,69
BRDA:19,10,0,77
BRDA:19,10,1,77
BRF:21
BRH:21
end_of_record
TN:
SF:packages/environment/src/lib/loader-source/loader-sources-factory.function.ts
FN:15,loaderSourcesFactory
FN:23,(anonymous_1)
FN:24,(anonymous_2)
FN:31,checkSourcesIdUniqueness
FN:32,(anonymous_4)
FN:33,(anonymous_5)
FNF:6
FNH:6
FNDA:81,loaderSourcesFactory
FNDA:77,(anonymous_1)
FNDA:77,(anonymous_2)
FNDA:52,checkSourcesIdUniqueness
FNDA:75,(anonymous_4)
FNDA:75,(anonymous_5)
DA:4,7
DA:6,7
DA:15,7
DA:16,81
DA:17,27
DA:20,54
DA:22,54
DA:23,77
DA:24,77
DA:26,52
DA:28,50
DA:32,75
DA:33,75
DA:35,52
DA:36,2
DA:39,50
LF:16
LH:16
BRDA:16,0,0,27
BRDA:20,1,0,35
BRDA:20,1,1,19
BRDA:35,2,0,2
BRF:4
BRH:4
end_of_record
TN:
SF:packages/environment/src/lib/module/create-environment-module.function.ts
FN:15,createEnvironmentModule
FNF:1
FNH:1
FNDA:6,createEnvironmentModule
DA:3,1
DA:4,1
DA:5,1
DA:7,1
DA:15,1
DA:16,6
DA:17,6
DA:18,6
DA:19,6
DA:21,6
DA:23,5
LF:11
LH:11
BRF:0
BRH:0
end_of_record
TN:
SF:packages/environment/src/lib/path/index.ts
FNF:0
FNH:0
DA:5,15
DA:6,15
DA:7,15
DA:8,15
DA:9,15
DA:10,15
DA:11,15
DA:12,15
DA:13,15
DA:14,15
LF:10
LH:10
BRF:0
BRH:0
end_of_record
TN:
SF:packages/environment/src/lib/path/invalid-path.error.ts
FN:16,(anonymous_0)
FNF:1
FNH:1
FNDA:28,(anonymous_0)
DA:1,16
DA:6,16
DA:17,28
DA:18,28
DA:19,28
LF:5
LH:5
BRF:0
BRH:0
end_of_record
TN:
SF:packages/environment/src/lib/path/is-path.function.ts
FN:12,isPath
FN:16,isValidComplexKey
FN:19,(anonymous_2)
FN:23,isValidArrayKey
FN:24,(anonymous_4)
FN:27,isValidStringKey
FNF:6
FNH:6
FNDA:310,isPath
FNDA:310,isValidComplexKey
FNDA:132,(anonymous_2)
FNDA:192,isValidArrayKey
FNDA:67,(anonymous_4)
FNDA:509,isValidStringKey
DA:12,17
DA:13,310
DA:17,310
DA:19,132
DA:24,192
DA:28,509
LF:6
LH:6
BRDA:13,0,0,310
BRDA:13,0,1,192
BRDA:18,1,0,310
BRDA:18,1,1,223
BRDA:18,1,2,75
BRDA:24,2,0,192
BRDA:24,2,1,43
BRDA:24,2,2,41
BRDA:28,3,0,509
BRDA:28,3,1,361
BRF:10
BRH:10
end_of_record
TN:
SF:packages/environment/src/lib/path/overwrites-path.function.ts
FN:14,overwritesPath
FNF:1
FNH:1
FNDA:37,overwritesPath
DA:1,16
DA:4,16
DA:6,16
DA:14,16
DA:15,37
DA:16,3
DA:19,34
DA:21,34
DA:22,30
DA:24,30
DA:25,14
DA:28,16
DA:30,16
DA:33,4
LF:14
LH:14
BRDA:15,0,0,3
BRDA:21,1,0,30
BRDA:21,2,0,34
BRDA:21,2,1,22
BRDA:24,3,0,14
BRF:5
BRH:5
end_of_record
TN:
SF:packages/environment/src/lib/path/path-as-array.function.ts
FN:8,pathAsArray
FNF:1
FNH:1
FNDA:58,pathAsArray
DA:8,19
DA:9,58
LF:2
LH:2
BRDA:9,0,0,30
BRDA:9,0,1,28
BRF:2
BRH:2
end_of_record
TN:
SF:packages/environment/src/lib/path/path-as-string.function.ts
FN:8,pathAsString
FNF:1
FNH:1
FNDA:87,pathAsString
DA:8,20
DA:9,87
LF:2
LH:2
BRDA:9,0,0,29
BRDA:9,0,1,58
BRF:2
BRH:2
end_of_record
TN:
SF:packages/environment/src/lib/path/path-doesnt-exist.error.ts
FN:17,(anonymous_0)
FNF:1
FNH:1
FNDA:10,(anonymous_0)
DA:2,16
DA:7,16
DA:18,10
DA:19,10
DA:20,10
LF:5
LH:5
BRF:0
BRH:0
end_of_record
TN:
SF:packages/environment/src/lib/path/path-exists.error.ts
FN:17,(anonymous_0)
FNF:1
FNH:1
FNDA:10,(anonymous_0)
DA:2,16
DA:7,16
DA:18,10
DA:19,10
DA:20,10
LF:5
LH:5
BRF:0
BRH:0
end_of_record
TN:
SF:packages/environment/src/lib/path/prefix-path.function.ts
FN:11,prefixPath
FNF:1
FNH:1
FNDA:4,prefixPath
DA:2,16
DA:3,16
DA:11,16
DA:12,4
DA:13,4
DA:14,4
DA:16,4
LF:7
LH:7
BRDA:16,0,0,2
BRDA:16,0,1,2
BRF:2
BRH:2
end_of_record
TN:
SF:packages/environment/src/lib/path/suffix-path.function.ts
FN:11,suffixPath
FNF:1
FNH:1
FNDA:4,suffixPath
DA:2,16
DA:3,16
DA:11,16
DA:12,4
DA:13,4
DA:14,4
DA:16,4
LF:7
LH:7
BRDA:16,0,0,2
BRDA:16,0,1,2
BRF:2
BRH:2
end_of_record
TN:
SF:packages/environment/src/lib/query/create-environment-query.function.ts
FN:12,createEnvironmentQuery
FNF:1
FNH:1
FNDA:11,createEnvironmentQuery
DA:2,3
DA:12,3
DA:13,11
LF:3
LH:3
BRF:0
BRH:0
end_of_record
TN:
SF:packages/environment/src/lib/query/environment-query-config-factory.function.ts
FN:10,environmentQueryConfigFactory
FNF:1
FNH:1
FNDA:59,environmentQueryConfigFactory
DA:10,5
DA:13,59
LF:2
LH:2
BRF:0
BRH:0
end_of_record
TN:
SF:packages/environment/src/lib/query/environment-query.application.ts
FN:29,(anonymous_0)
FN:34,(anonymous_1)
FN:38,(anonymous_2)
FN:41,(anonymous_4)
FN:47,(anonymous_5)
FN:51,(anonymous_6)
FN:52,(anonymous_7)
FN:55,(anonymous_8)
FN:60,(anonymous_9)
FN:66,(anonymous_10)
FN:67,(anonymous_11)
FN:72,(anonymous_12)
FN:73,(anonymous_13)
FN:76,(anonymous_14)
FN:81,(anonymous_15)
FN:87,(anonymous_16)
FN:88,(anonymous_17)
FN:93,(anonymous_18)
FN:97,(anonymous_19)
FN:99,(anonymous_20)
FN:104,(anonymous_21)
FN:110,(anonymous_22)
FN:111,(anonymous_23)
FN:111,(anonymous_24)
FN:114,(anonymous_25)
FN:115,(anonymous_26)
FN:118,(anonymous_27)
FN:119,(anonymous_28)
FN:122,(anonymous_29)
FN:127,(anonymous_30)
FN:128,(anonymous_31)
FN:129,(anonymous_32)
FN:130,(anonymous_33)
FN:135,(anonymous_34)
FN:151,(anonymous_35)
FN:166,(anonymous_36)
FN:170,(anonymous_37)
FN:174,(anonymous_38)
FN:178,(anonymous_39)
FN:188,(anonymous_40)
FN:202,(anonymous_41)
FN:210,(anonymous_42)
FN:219,(anonymous_43)
FN:227,(anonymous_44)
FN:228,(anonymous_45)
FN:231,(anonymous_46)
FN:241,(anonymous_47)
FNF:47
FNH:47
FNDA:54,(anonymous_0)
FNDA:27,(anonymous_1)
FNDA:1,(anonymous_2)
FNDA:2,(anonymous_4)
FNDA:32,(anonymous_5)
FNDA:3,(anonymous_6)
FNDA:5,(anonymous_7)
FNDA:8,(anonymous_8)
FNDA:1,(anonymous_9)
FNDA:3,(anonymous_10)
FNDA:6,(anonymous_11)
FNDA:3,(anonymous_12)
FNDA:5,(anonymous_13)
FNDA:7,(anonymous_14)
FNDA:1,(anonymous_15)
FNDA:2,(anonymous_16)
FNDA:4,(anonymous_17)
FNDA:31,(anonymous_18)
FNDA:10,(anonymous_19)
FNDA:21,(anonymous_20)
FNDA:10,(anonymous_21)
FNDA:2,(anonymous_22)
FNDA:2,(anonymous_23)
FNDA:4,(anonymous_24)
FNDA:11,(anonymous_25)
FNDA:19,(anonymous_26)
FNDA:9,(anonymous_27)
FNDA:12,(anonymous_28)
FNDA:24,(anonymous_29)
FNDA:71,(anonymous_30)
FNDA:71,(anonymous_31)
FNDA:71,(anonymous_32)
FNDA:71,(anonymous_33)
FNDA:8,(anonymous_34)
FNDA:31,(anonymous_35)
FNDA:102,(anonymous_36)
FNDA:102,(anonymous_37)
FNDA:102,(anonymous_38)
FNDA:102,(anonymous_39)
FNDA:21,(anonymous_40)
FNDA:17,(anonymous_41)
FNDA:21,(anonymous_42)
FNDA:19,(anonymous_43)
FNDA:38,(anonymous_44)
FNDA:76,(anonymous_45)
FNDA:19,(anonymous_46)
FNDA:17,(anonymous_47)
DA:1,4
DA:2,4
DA:3,4
DA:6,4
DA:11,4
DA:12,4
DA:18,4
DA:22,54
DA:30,54
DA:31,54
DA:35,27
DA:39,1
DA:41,2
DA:44,1
DA:48,32
DA:52,5
DA:54,3
DA:55,8
DA:61,1
DA:63,1
DA:67,6
DA:69,3
DA:73,5
DA:75,3
DA:76,7
DA:82,1
DA:84,1
DA:88,4
DA:90,2
DA:94,31
DA:98,10
DA:99,21
DA:105,10
DA:107,10
DA:111,4
DA:115,19
DA:119,12
DA:126,24
DA:127,71
DA:128,71
DA:129,71
DA:130,71
DA:139,8
DA:140,8
DA:142,8
DA:143,1
DA:145,1
DA:148,7
DA:152,31
DA:153,31
DA:155,31
DA:156,31
DA:157,31
DA:159,31
DA:160,1
DA:163,30
DA:167,102
DA:171,102
DA:175,102
DA:183,102
DA:193,21
DA:195,21
DA:196,19
DA:197,19
DA:202,19
DA:203,17
DA:207,2
DA:211,21
DA:213,21
DA:214,21
DA:216,21
DA:220,19
DA:221,19
DA:222,19
DA:224,19
DA:228,76
DA:232,19
DA:233,16
DA:236,3
DA:238,3
DA:242,17
DA:244,17
DA:245,2
DA:248,15
LF:84
LH:84
BRDA:128,0,0,45
BRDA:128,0,1,26
BRDA:128,1,0,71
BRDA:128,1,1,71
BRDA:129,2,0,45
BRDA:129,2,1,26
BRDA:129,3,0,71
BRDA:129,3,1,71
BRDA:130,4,0,45
BRDA:130,4,1,26
BRDA:130,5,0,71
BRDA:130,5,1,71
BRDA:130,6,0,45
BRDA:130,6,1,26
BRDA:130,7,0,71
BRDA:130,7,1,71
BRDA:142,8,0,1
BRDA:142,9,0,3
BRDA:142,9,1,5
BRDA:142,10,0,8
BRDA:142,10,1,8
BRDA:155,11,0,13
BRDA:155,11,1,18
BRDA:155,12,0,31
BRDA:155,12,1,31
BRDA:156,13,0,13
BRDA:156,13,1,18
BRDA:156,14,0,31
BRDA:156,14,1,31
BRDA:157,15,0,13
BRDA:157,15,1,18
BRDA:157,16,0,31
BRDA:157,16,1,31
BRDA:157,17,0,13
BRDA:157,17,1,18
BRDA:157,18,0,31
BRDA:157,18,1,31
BRDA:159,19,0,1
BRDA:159,20,0,31
BRDA:159,20,1,2
BRDA:159,21,0,13
BRDA:159,21,1,18
BRDA:159,22,0,31
BRDA:159,22,1,31
BRDA:171,23,0,6
BRDA:171,23,1,96
BRDA:171,24,0,102
BRDA:171,24,1,47
BRDA:175,25,0,9
BRDA:175,25,1,93
BRDA:175,26,0,102
BRDA:175,26,1,61
BRDA:183,27,0,21
BRDA:183,27,1,81
BRDA:183,28,0,102
BRDA:183,28,1,61
BRDA:195,29,0,19
BRDA:213,30,0,2
BRDA:213,30,1,19
BRDA:213,31,0,21
BRDA:213,31,1,21
BRDA:213,32,0,18
BRDA:213,32,1,3
BRDA:213,33,0,21
BRDA:213,33,1,21
BRDA:214,34,0,2
BRDA:214,34,1,19
BRDA:214,35,0,21
BRDA:214,35,1,21
BRDA:214,36,0,18
BRDA:214,36,1,3
BRDA:214,37,0,21
BRDA:214,37,1,21
BRDA:232,38,0,16
BRDA:244,39,0,2
BRF:75
BRH:75
end_of_record
TN:
SF:packages/environment/src/lib/query/environment-query.interface.ts
FNF:0
FNH:0
DA:11,2
LF:1
LH:1
BRF:0
BRH:0
end_of_record
TN:
SF:packages/environment/src/lib/query/environment-reference.error.ts
FN:16,(anonymous_0)
FNF:1
FNH:1
FNDA:9,(anonymous_0)
DA:1,5
DA:6,5
DA:17,9
DA:18,9
DA:19,9
LF:5
LH:5
BRF:0
BRH:0
end_of_record
TN:
SF:packages/environment/src/lib/query/index.ts
FNF:0
FNH:0
DA:5,2
DA:6,2
DA:7,2
DA:8,2
DA:9,2
DA:10,2
DA:11,2
LF:7
LH:7
BRF:0
BRH:0
end_of_record
TN:
SF:packages/environment/src/lib/service/create-environment-service.function.ts
FN:10,createEnvironmentService
FNF:1
FNH:1
FNDA:10,createEnvironmentService
DA:2,7
DA:10,7
DA:11,10
LF:3
LH:3
BRF:0
BRH:0
end_of_record
TN:
SF:packages/environment/src/lib/service/environment-result-code.enum.ts
FN:4,(anonymous_0)
FNF:1
FNH:1
FNDA:8,(anonymous_0)
DA:4,8
DA:8,8
DA:13,8
DA:18,8
DA:23,8
DA:28,8
DA:33,8
DA:38,8
LF:8
LH:8
BRDA:4,0,0,8
BRDA:4,0,1,8
BRF:2
BRH:2
end_of_record
TN:
SF:packages/environment/src/lib/service/environment-service.application.ts
FN:27,(anonymous_0)
FN:29,(anonymous_1)
FN:39,(anonymous_2)
FN:59,(anonymous_3)
FN:78,(anonymous_4)
FN:95,(anonymous_5)
FN:113,(anonymous_6)
FN:123,(anonymous_7)
FN:125,(anonymous_8)
FN:131,(anonymous_9)
FN:133,(anonymous_10)
FN:139,(anonymous_11)
FN:141,(anonymous_12)
FN:148,(anonymous_13)
FN:150,(anonymous_14)
FN:157,(anonymous_15)
FN:179,(anonymous_16)
FN:199,(anonymous_17)
FN:207,(anonymous_18)
FNF:19
FNH:19
FNDA:101,(anonymous_0)
FNDA:3,(anonymous_1)
FNDA:12,(anonymous_2)
FNDA:10,(anonymous_3)
FNDA:12,(anonymous_4)
FNDA:10,(anonymous_5)
FNDA:28,(anonymous_6)
FNDA:17,(anonymous_7)
FNDA:15,(anonymous_8)
FNDA:12,(anonymous_9)
FNDA:10,(anonymous_10)
FNDA:12,(anonymous_11)
FNDA:10,(anonymous_12)
FNDA:12,(anonymous_13)
FNDA:10,(anonymous_14)
FNDA:53,(anonymous_15)
FNDA:100,(anonymous_16)
FNDA:18,(anonymous_17)
FNDA:5,(anonymous_18)
DA:1,8
DA:3,8
DA:4,8
DA:16,8
DA:22,8
DA:27,101
DA:30,3
DA:31,3
DA:33,1
DA:36,2
DA:40,12
DA:41,2
DA:44,10
DA:45,10
DA:46,10
DA:48,10
DA:49,4
DA:56,6
DA:60,10
DA:61,2
DA:64,8
DA:65,8
DA:67,8
DA:68,2
DA:75,6
DA:79,12
DA:80,2
DA:83,10
DA:84,10
DA:86,10
DA:96,10
DA:97,2
DA:100,8
DA:101,8
DA:103,8
DA:104,2
DA:110,6
DA:114,28
DA:115,28
DA:116,28
DA:117,28
DA:119,4
DA:124,17
DA:125,15
DA:132,12
DA:133,10
DA:140,12
DA:142,10
DA:149,12
DA:151,10
DA:162,53
DA:163,8
DA:166,45
DA:167,45
DA:168,45
DA:170,45
DA:171,45
DA:173,8
DA:176,37
DA:180,100
DA:181,98
DA:182,98
DA:183,21
DA:186,98
DA:187,98
DA:188,68
DA:189,52
DA:191,16
DA:196,100
DA:200,18
DA:201,1
DA:204,17
DA:208,5
DA:209,1
DA:212,4
LF:75
LH:75
BRDA:40,0,0,2
BRDA:48,1,0,4
BRDA:48,2,0,10
BRDA:48,2,1,8
BRDA:56,3,0,1
BRDA:56,3,1,5
BRDA:56,4,0,6
BRDA:56,4,1,6
BRDA:60,5,0,2
BRDA:67,6,0,2
BRDA:75,7,0,1
BRDA:75,7,1,5
BRDA:75,8,0,6
BRDA:75,8,1,6
BRDA:79,9,0,2
BRDA:87,10,0,1
BRDA:87,10,1,9
BRDA:87,11,0,10
BRDA:87,11,1,10
BRDA:88,12,0,5
BRDA:88,12,1,4
BRDA:96,13,0,2
BRDA:103,14,0,2
BRDA:110,15,0,1
BRDA:110,15,1,5
BRDA:110,16,0,6
BRDA:110,16,1,6
BRDA:162,17,0,8
BRDA:162,18,0,53
BRDA:162,18,1,24
BRDA:167,19,0,16
BRDA:167,19,1,29
BRDA:180,20,0,98
BRDA:182,21,0,21
BRDA:187,22,0,68
BRDA:188,23,0,52
BRDA:188,23,1,16
BRDA:200,24,0,1
BRDA:200,25,0,18
BRDA:200,25,1,1
BRDA:208,26,0,1
BRDA:208,27,0,5
BRDA:208,27,1,1
BRF:43
BRH:43
end_of_record
TN:
SF:packages/environment/src/lib/service/environment-service.interface.ts
FNF:0
FNH:0
DA:8,6
LF:1
LH:1
BRF:0
BRH:0
end_of_record
TN:
SF:packages/environment/src/lib/service/index.ts
FNF:0
FNH:0
DA:5,6
DA:6,6
DA:7,6
DA:8,6
DA:9,6
LF:5
LH:5
BRF:0
BRH:0
end_of_record
TN:
SF:packages/environment/src/lib/source/environment-source.interface.ts
FNF:0
FNH:0
DA:10,9
LF:1
LH:1
BRF:0
BRH:0
end_of_record
TN:
SF:packages/environment/src/lib/source/index.ts
FNF:0
FNH:0
DA:5,9
DA:6,9
DA:7,9
DA:8,9
LF:4
LH:4
BRF:0
BRH:0
end_of_record
TN:
SF:packages/environment/src/lib/source/invalid-environment-source.error.ts
FN:16,(anonymous_0)
FN:23,(anonymous_1)
FN:43,(anonymous_2)
FN:47,(anonymous_3)
FN:57,(anonymous_4)
FNF:5
FNH:5
FNDA:18,(anonymous_0)
FNDA:18,(anonymous_1)
FNDA:16,(anonymous_2)
FNDA:14,(anonymous_3)
FNDA:13,(anonymous_4)
DA:1,10
DA:6,10
DA:17,18
DA:18,18
DA:19,18
DA:20,18
DA:24,18
DA:25,2
DA:28,16
DA:29,2
DA:32,14
DA:33,1
DA:36,13
DA:37,2
DA:40,11
DA:44,16
DA:48,14
DA:58,13
LF:18
LH:18
BRDA:24,0,0,2
BRDA:28,1,0,2
BRDA:32,2,0,1
BRDA:36,3,0,2
BRDA:44,4,0,16
BRDA:44,4,1,12
BRDA:44,4,2,12
BRDA:44,4,3,2
BRDA:49,5,0,14
BRDA:49,5,1,10
BRDA:49,5,2,10
BRDA:49,5,3,10
BRDA:58,6,0,13
BRDA:58,6,1,3
BRDA:58,6,2,2
BRF:15
BRH:15
end_of_record
TN:
SF:packages/environment/src/lib/source/is-environment-source.function.ts
FN:11,isEnvironmentSource
FN:24,(anonymous_1)
FNF:2
FNH:2
FNDA:107,isEnvironmentSource
FNDA:816,(anonymous_1)
DA:1,10
DA:2,10
DA:4,10
DA:11,10
DA:12,107
DA:24,816
LF:6
LH:6
BRDA:13,0,0,2
BRDA:13,0,1,105
BRDA:13,1,0,107
BRDA:13,1,1,106
BRDA:14,2,0,2
BRDA:14,2,1,105
BRDA:14,3,0,107
BRDA:14,3,1,106
BRDA:14,4,0,2
BRDA:14,4,1,105
BRDA:14,5,0,107
BRDA:14,5,1,106
BRDA:15,6,0,2
BRDA:15,6,1,105
BRDA:15,7,0,107
BRDA:15,7,1,106
BRDA:15,8,0,2
BRDA:15,8,1,105
BRDA:15,9,0,107
BRDA:15,9,1,106
BRDA:16,10,0,2
BRDA:16,10,1,105
BRDA:16,11,0,107
BRDA:16,11,1,106
BRDA:16,12,0,2
BRDA:16,12,1,105
BRDA:16,13,0,107
BRDA:16,13,1,106
BRDA:17,14,0,2
BRDA:17,14,1,105
BRDA:17,15,0,107
BRDA:17,15,1,106
BRDA:17,16,0,2
BRDA:17,16,1,105
BRDA:17,17,0,107
BRDA:17,17,1,106
BRDA:18,18,0,2
BRDA:18,18,1,105
BRDA:18,19,0,107
BRDA:18,19,1,106
BRDA:18,20,0,2
BRDA:18,20,1,105
BRDA:18,21,0,107
BRDA:18,21,1,106
BRDA:19,22,0,2
BRDA:19,22,1,105
BRDA:19,23,0,107
BRDA:19,23,1,106
BRDA:19,24,0,2
BRDA:19,24,1,105
BRDA:19,25,0,107
BRDA:19,25,1,106
BRDA:20,26,0,2
BRDA:20,26,1,105
BRDA:20,27,0,107
BRDA:20,27,1,106
BRDA:20,28,0,2
BRDA:20,28,1,105
BRDA:20,29,0,107
BRDA:20,29,1,106
BRDA:21,30,0,2
BRDA:21,30,1,105
BRDA:21,31,0,107
BRDA:21,31,1,106
BRDA:21,32,0,2
BRDA:21,32,1,105
BRDA:21,33,0,107
BRDA:21,33,1,106
BRF:68
BRH:68
end_of_record
TN:
SF:packages/environment/src/lib/source/source-strategy.enum.ts
FN:4,(anonymous_0)
FNF:1
FNH:1
FNDA:10,(anonymous_0)
DA:4,10
DA:8,10
DA:13,10
DA:18,10
DA:23,10
LF:5
LH:5
BRDA:4,0,0,10
BRDA:4,0,1,10
BRF:2
BRH:2
end_of_record
TN:
SF:packages/environment/src/lib/store/create-environment-store.function.ts
FN:10,createEnvironmentStore
FNF:1
FNH:1
FNDA:11,createEnvironmentStore
DA:2,7
DA:10,7
DA:11,11
LF:3
LH:3
BRDA:10,0,0,7
BRF:1
BRH:1
end_of_record
TN:
SF:packages/environment/src/lib/store/environment-store.application.ts
FN:19,(anonymous_0)
FN:21,(anonymous_1)
FN:25,(anonymous_2)
FN:29,(anonymous_3)
FN:33,(anonymous_4)
FNF:5
FNH:5
FNDA:18,(anonymous_0)
FNDA:3,(anonymous_1)
FNDA:14,(anonymous_2)
FNDA:9,(anonymous_3)
FNDA:2,(anonymous_4)
DA:1,8
DA:9,8
DA:13,18
DA:19,18
DA:22,3
DA:26,14
DA:30,9
DA:34,2
LF:8
LH:8
BRDA:19,0,0,5
BRF:1
BRH:1
end_of_record
TN:
SF:packages/environment/src/lib/store/environment-store.interface.ts
FNF:0
FNH:0
DA:8,7
LF:1
LH:1
BRF:0
BRH:0
end_of_record
TN:
SF:packages/environment/src/lib/store/index.ts
FNF:0
FNH:0
DA:5,7
DA:6,7
DA:7,7
DA:8,7
DA:9,7
LF:5
LH:5
BRF:0
BRH:0
end_of_record
