TN:
SF:packages/environment-angular/src/lib/decorators/environment-prefix.decorator.ts
FN:9,EnvironmentPrefix
FN:10,(anonymous_1)
FNF:2
FNH:2
FNDA:1,EnvironmentPrefix
FNDA:1,(anonymous_1)
DA:1,4
DA:3,4
DA:7,4
DA:9,4
DA:10,1
DA:11,1
DA:12,1
LF:7
LH:7
BRDA:11,0,0,1
BRF:1
BRH:1
end_of_record
TN:
SF:packages/environment-angular/src/lib/decorators/environment-value-async.decorator.ts
FN:29,EnvironmentValueAsync
FN:34,(anonymous_1)
FNF:2
FNH:2
FNDA:2,EnvironmentValueAsync
FNDA:3,(anonymous_1)
DA:3,1
DA:4,1
DA:29,1
DA:33,2
DA:35,3
LF:5
LH:5
BRDA:35,0,0,1
BRDA:35,0,1,2
BRDA:35,1,0,3
BRDA:35,1,1,3
BRF:4
BRH:4
end_of_record
TN:
SF:packages/environment-angular/src/lib/decorators/environment-value-decorator-factory.function.ts
FN:13,environmentValueDecoratorFactory
FN:22,(anonymous_1)
FN:41,(anonymous_2)
FN:61,(anonymous_3)
FNF:4
FNH:4
FNDA:12,environmentValueDecoratorFactory
FNDA:12,(anonymous_1)
FNDA:43,(anonymous_2)
FNDA:26,(anonymous_3)
DA:1,4
DA:3,4
DA:7,4
DA:8,4
DA:13,4
DA:22,12
DA:27,12
DA:28,1
DA:31,11
DA:34,11
DA:41,11
DA:42,43
DA:44,43
DA:45,28
DA:49,28
DA:50,28
DA:51,28
DA:53,28
DA:54,26
DA:58,43
DA:61,11
DA:62,26
DA:65,11
LF:23
LH:23
BRDA:27,0,0,1
BRDA:27,1,0,9
BRDA:27,1,1,3
BRDA:27,2,0,12
BRDA:27,2,1,12
BRDA:34,3,0,2
BRDA:34,3,1,9
BRDA:44,4,0,28
BRDA:49,5,0,1
BRDA:49,5,1,27
BRDA:53,6,0,26
BRDA:53,7,0,22
BRDA:53,7,1,6
BRDA:53,8,0,28
BRDA:53,8,1,28
BRF:15
BRH:15
end_of_record
TN:
SF:packages/environment-angular/src/lib/decorators/environment-value-reactive.decorator.ts
FN:29,EnvironmentValue$
FN:34,(anonymous_1)
FNF:2
FNH:2
FNDA:1,EnvironmentValue$
FNDA:2,(anonymous_1)
DA:3,1
DA:4,1
DA:29,1
DA:33,1
DA:35,2
LF:5
LH:5
BRDA:35,0,0,1
BRDA:35,0,1,1
BRDA:35,1,0,2
BRDA:35,1,1,2
BRF:4
BRH:4
end_of_record
TN:
SF:packages/environment-angular/src/lib/decorators/environment-value.decorator.ts
FN:29,EnvironmentValue
FN:34,(anonymous_1)
FNF:2
FNH:2
FNDA:9,EnvironmentValue
FNDA:23,(anonymous_1)
DA:3,2
DA:4,2
DA:29,2
DA:33,9
DA:34,23
LF:5
LH:5
BRDA:34,0,0,1
BRDA:34,0,1,22
BRDA:34,1,0,23
BRDA:34,1,1,23
BRF:4
BRH:4
end_of_record
TN:
SF:packages/environment-angular/src/lib/guards/can-activate-environment.guard.ts
FN:32,(anonymous_0)
FN:34,(anonymous_1)
FN:46,(anonymous_2)
FN:57,(anonymous_3)
FN:61,(anonymous_4)
FN:71,(anonymous_5)
FN:75,(anonymous_6)
FNF:7
FNH:7
FNDA:14,(anonymous_0)
FNDA:14,(anonymous_1)
FNDA:10,(anonymous_2)
FNDA:14,(anonymous_3)
FNDA:12,(anonymous_4)
FNDA:14,(anonymous_5)
FNDA:12,(anonymous_6)
DA:1,1
DA:2,1
DA:3,1
DA:4,1
DA:5,1
DA:11,1
DA:30,14
DA:32,14
DA:35,14
DA:37,14
DA:38,2
DA:41,12
DA:42,12
DA:44,12
DA:46,10
DA:48,12
DA:49,8
DA:51,8
DA:54,4
DA:58,14
DA:62,12
DA:64,12
DA:65,2
DA:68,10
DA:72,14
DA:76,12
DA:78,12
LF:27
LH:27
BRDA:37,0,0,2
BRDA:48,1,0,8
BRDA:49,2,0,3
BRDA:49,2,1,5
BRDA:49,3,0,8
BRDA:49,3,1,8
BRDA:64,4,0,2
BRDA:68,5,0,1
BRDA:68,5,1,9
BRDA:72,6,0,14
BRDA:72,6,1,13
BRDA:72,6,2,13
BRDA:78,7,0,1
BRDA:78,7,1,11
BRF:14
BRH:14
end_of_record
TN:
SF:packages/environment-angular/src/lib/helpers/config-provider-factory.function.ts
FN:10,configProviderFactory
FNF:1
FNH:1
FNDA:172,configProviderFactory
DA:1,9
DA:3,9
DA:10,9
DA:17,172
DA:19,172
DA:20,6
DA:23,166
DA:24,102
DA:27,64
DA:28,2
DA:31,62
LF:11
LH:11
BRDA:17,0,0,38
BRDA:17,0,1,134
BRDA:17,1,0,172
BRDA:17,1,1,171
BRDA:19,2,0,6
BRDA:23,3,0,102
BRDA:27,4,0,2
BRF:7
BRH:7
end_of_record
TN:
SF:packages/environment-angular/src/lib/helpers/get-options-factory.function.ts
FN:3,getOptionsFactory
FNF:1
FNH:1
FNDA:28,getOptionsFactory
DA:3,8
DA:4,28
DA:5,22
DA:8,6
DA:15,6
DA:16,6
DA:17,6
DA:20,0
DA:21,0
DA:22,0
DA:25,0
LF:11
LH:7
BRDA:4,0,0,22
BRDA:9,1,0,0
BRDA:9,1,1,6
BRDA:9,2,0,6
BRDA:9,2,1,6
BRDA:10,3,0,0
BRDA:10,3,1,6
BRDA:10,4,0,6
BRDA:10,4,1,6
BRDA:11,5,0,0
BRDA:11,5,1,6
BRDA:11,6,0,6
BRDA:11,6,1,6
BRDA:12,7,0,0
BRDA:12,7,1,6
BRDA:12,8,0,6
BRDA:12,8,1,6
BRDA:15,9,0,6
BRDA:20,10,0,0
BRF:19
BRH:14
end_of_record
TN:
SF:packages/environment-angular/src/lib/helpers/index.ts
FNF:0
FNH:0
DA:5,8
DA:6,8
DA:7,8
DA:8,8
DA:9,8
LF:5
LH:5
BRF:0
BRH:0
end_of_record
TN:
SF:packages/environment-angular/src/lib/helpers/is-class.ts
FN:8,isClass
FNF:1
FNH:1
FNDA:195,isClass
DA:8,10
DA:9,195
LF:2
LH:2
BRDA:9,0,0,195
BRDA:9,0,1,115
BRDA:9,0,2,113
BRF:3
BRH:3
end_of_record
TN:
SF:packages/environment-angular/src/lib/loader/environment-loader.application.ts
FN:13,(anonymous_0)
FNF:1
FNH:1
FNDA:35,(anonymous_0)
DA:1,7
DA:2,7
DA:7,7
DA:9,7
DA:12,7
DA:14,35
DA:18,35
DA:20,35
LF:8
LH:8
BRF:0
BRH:0
end_of_record
TN:
SF:packages/environment-angular/src/lib/loader/index.ts
FNF:0
FNH:0
DA:5,6
LF:1
LH:1
BRF:0
BRH:0
end_of_record
TN:
SF:packages/environment-angular/src/lib/module/environment.module.ts
FN:13,loadBeforeInitFactory
FN:14,(anonymous_1)
FN:25,(anonymous_2)
FN:34,(anonymous_3)
FN:88,(anonymous_4)
FN:107,(anonymous_5)
FNF:6
FNH:6
FNDA:33,loadBeforeInitFactory
FNDA:33,(anonymous_1)
FNDA:27,(anonymous_2)
FNDA:21,(anonymous_3)
FNDA:5,(anonymous_4)
FNDA:37,(anonymous_5)
DA:1,6
DA:2,6
DA:3,6
DA:5,6
DA:6,6
DA:7,6
DA:8,6
DA:9,6
DA:10,6
DA:14,33
DA:18,6
DA:26,27
DA:35,21
DA:89,5
DA:107,37
DA:108,37
DA:110,37
DA:111,1
DA:117,36
LF:19
LH:19
BRDA:40,0,0,2
BRDA:40,0,1,19
BRDA:40,1,0,21
BRDA:40,1,1,21
BRDA:45,2,0,2
BRDA:45,2,1,19
BRDA:45,3,0,21
BRDA:45,3,1,21
BRDA:50,4,0,2
BRDA:50,4,1,19
BRDA:50,5,0,21
BRDA:50,5,1,21
BRDA:56,6,0,2
BRDA:56,6,1,19
BRDA:56,7,0,21
BRDA:56,7,1,21
BRDA:61,8,0,2
BRDA:61,8,1,19
BRDA:61,9,0,21
BRDA:61,9,1,21
BRDA:67,10,0,2
BRDA:67,10,1,19
BRDA:67,11,0,21
BRDA:67,11,1,21
BRDA:72,12,0,2
BRDA:72,12,1,19
BRDA:72,13,0,21
BRDA:72,13,1,21
BRDA:76,14,0,20
BRDA:76,14,1,1
BRDA:76,15,0,1
BRDA:76,15,1,20
BRDA:76,16,0,21
BRDA:76,16,1,21
BRDA:76,17,0,2
BRDA:76,17,1,19
BRDA:76,18,0,21
BRDA:76,18,1,21
BRDA:94,19,0,2
BRDA:94,19,1,3
BRDA:94,20,0,5
BRDA:94,20,1,5
BRDA:99,21,0,2
BRDA:99,21,1,3
BRDA:99,22,0,5
BRDA:99,22,1,5
BRDA:110,23,0,1
BRF:47
BRH:47
end_of_record
TN:
SF:packages/environment-angular/src/lib/module/index.ts
FNF:0
FNH:0
DA:5,5
DA:6,5
LF:2
LH:2
BRF:0
BRH:0
end_of_record
TN:
SF:packages/environment-angular/src/lib/query/environment-query-config.token.ts
FNF:0
FNH:0
DA:1,8
DA:7,8
LF:2
LH:2
BRF:0
BRH:0
end_of_record
TN:
SF:packages/environment-angular/src/lib/query/environment-query.application.ts
FN:12,(anonymous_0)
FNF:1
FNH:1
FNDA:38,(anonymous_0)
DA:1,8
DA:2,8
DA:8,8
DA:11,8
DA:13,38
DA:17,38
DA:19,38
LF:7
LH:7
BRF:0
BRH:0
end_of_record
TN:
SF:packages/environment-angular/src/lib/query/index.ts
FNF:0
FNH:0
DA:5,7
DA:6,7
LF:2
LH:2
BRF:0
BRH:0
end_of_record
TN:
SF:packages/environment-angular/src/lib/service/environment-service.application.ts
FN:6,(anonymous_0)
FNF:1
FNH:1
FNDA:33,(anonymous_0)
DA:1,7
DA:2,7
DA:5,7
DA:6,33
DA:7,33
LF:5
LH:5
BRF:0
BRH:0
end_of_record
TN:
SF:packages/environment-angular/src/lib/service/index.ts
FNF:0
FNH:0
DA:5,7
LF:1
LH:1
BRF:0
BRH:0
end_of_record
TN:
SF:packages/environment-angular/src/lib/source/environment-sources-factory.token.ts
FN:14,(anonymous_0)
FN:25,(anonymous_1)
FN:26,(anonymous_2)
FN:27,(anonymous_3)
FNF:4
FNH:4
FNDA:47,(anonymous_0)
FNDA:21,(anonymous_1)
FNDA:20,(anonymous_2)
FNDA:20,(anonymous_3)
DA:1,8
DA:5,8
DA:6,8
DA:11,8
DA:15,47
DA:20,47
DA:21,38
DA:24,9
DA:25,21
DA:26,20
DA:27,20
DA:29,8
DA:30,1
DA:33,7
LF:14
LH:14
BRDA:20,0,0,38
BRDA:25,1,0,7
BRDA:25,1,1,14
BRDA:29,2,0,1
BRDA:33,3,0,1
BRDA:33,3,1,6
BRF:6
BRH:6
end_of_record
TN:
SF:packages/environment-angular/src/lib/source/environment-sources.token.ts
FNF:0
FNH:0
DA:1,8
DA:10,8
LF:2
LH:2
BRF:0
BRH:0
end_of_record
TN:
SF:packages/environment-angular/src/lib/source/index.ts
FNF:0
FNH:0
DA:5,7
DA:6,7
LF:2
LH:2
BRF:0
BRH:0
end_of_record
TN:
SF:packages/environment-angular/src/lib/store/environment-initial-state.token.ts
FNF:0
FNH:0
DA:1,9
DA:7,9
LF:2
LH:2
BRF:0
BRH:0
end_of_record
TN:
SF:packages/environment-angular/src/lib/store/environment-store.application.ts
FN:8,(anonymous_0)
FNF:1
FNH:1
FNDA:38,(anonymous_0)
DA:1,8
DA:2,8
DA:4,8
DA:7,8
DA:11,38
DA:13,38
LF:6
LH:6
BRF:0
BRH:0
end_of_record
TN:
SF:packages/environment-angular/src/lib/store/index.ts
FNF:0
FNH:0
DA:5,7
DA:6,7
LF:2
LH:2
BRF:0
BRH:0
end_of_record
