TN:
SF:packages/environment-angular/src/lib/decorators/environment-prefix.decorator.ts
FN:14,EnvironmentPrefix
FN:15,(anonymous_1)
FNF:2
FNH:2
FNDA:1,EnvironmentPrefix
FNDA:1,(anonymous_1)
DA:1,4
DA:3,4
DA:7,4
DA:14,4
DA:15,1
DA:16,1
DA:17,1
LF:7
LH:7
BRDA:16,0,0,1
BRF:1
BRH:1
end_of_record
TN:
SF:packages/environment-angular/src/lib/decorators/environment-value-async.decorator.ts
FN:29,EnvironmentValueAsync
FN:34,(anonymous_1)
FNF:2
FNH:2
FNDA:2,EnvironmentValueAsync
FNDA:3,(anonymous_1)
DA:3,1
DA:4,1
DA:29,1
DA:33,2
DA:35,3
LF:5
LH:5
BRDA:35,0,0,1
BRDA:35,0,1,2
BRDA:35,1,0,3
BRDA:35,1,1,3
BRF:4
BRH:4
end_of_record
TN:
SF:packages/environment-angular/src/lib/decorators/environment-value-decorator-factory.function.ts
FN:13,environmentValueDecoratorFactory
FN:22,(anonymous_1)
FN:41,(anonymous_2)
FN:61,(anonymous_3)
FNF:4
FNH:4
FNDA:17,environmentValueDecoratorFactory
FNDA:17,(anonymous_1)
FNDA:28,(anonymous_2)
FNDA:20,(anonymous_3)
DA:1,4
DA:3,4
DA:7,4
DA:8,4
DA:13,4
DA:22,17
DA:27,17
DA:28,1
DA:31,16
DA:34,16
DA:41,16
DA:42,28
DA:44,28
DA:45,23
DA:49,23
DA:50,23
DA:51,23
DA:53,22
DA:54,20
DA:58,27
DA:61,16
DA:62,20
DA:65,16
LF:23
LH:23
BRDA:27,0,0,1
BRDA:27,1,0,14
BRDA:27,1,1,3
BRDA:27,2,0,17
BRDA:27,2,1,17
BRDA:34,3,0,2
BRDA:34,3,1,14
BRDA:44,4,0,23
BRDA:49,5,0,1
BRDA:49,5,1,22
BRDA:53,6,0,20
BRDA:53,7,0,14
BRDA:53,7,1,8
BRDA:53,8,0,22
BRDA:53,8,1,22
BRF:15
BRH:15
end_of_record
TN:
SF:packages/environment-angular/src/lib/decorators/environment-value-reactive.decorator.ts
FN:29,EnvironmentValue$
FN:34,(anonymous_1)
FNF:2
FNH:2
FNDA:1,EnvironmentValue$
FNDA:2,(anonymous_1)
DA:3,1
DA:4,1
DA:29,1
DA:33,1
DA:35,2
LF:5
LH:5
BRDA:35,0,0,1
BRDA:35,0,1,1
BRDA:35,1,0,2
BRDA:35,1,1,2
BRF:4
BRH:4
end_of_record
TN:
SF:packages/environment-angular/src/lib/decorators/environment-value.decorator.ts
FN:29,EnvironmentValue
FN:34,(anonymous_1)
FNF:2
FNH:2
FNDA:14,EnvironmentValue
FNDA:18,(anonymous_1)
DA:3,2
DA:4,2
DA:29,2
DA:33,14
DA:34,18
LF:5
LH:5
BRDA:34,0,0,1
BRDA:34,0,1,17
BRDA:34,1,0,18
BRDA:34,1,1,18
BRF:4
BRH:4
end_of_record
TN:
SF:packages/environment-angular/src/lib/guards/can-activate-environment.guard.ts
FN:32,(anonymous_0)
FN:34,(anonymous_1)
FN:46,(anonymous_2)
FN:57,(anonymous_3)
FN:61,(anonymous_4)
FN:71,(anonymous_5)
FN:75,(anonymous_6)
FNF:7
FNH:7
FNDA:14,(anonymous_0)
FNDA:14,(anonymous_1)
FNDA:10,(anonymous_2)
FNDA:14,(anonymous_3)
FNDA:12,(anonymous_4)
FNDA:14,(anonymous_5)
FNDA:12,(anonymous_6)
DA:1,1
DA:2,1
DA:3,1
DA:4,1
DA:5,1
DA:11,1
DA:30,14
DA:32,14
DA:35,14
DA:37,14
DA:38,2
DA:41,12
DA:42,12
DA:44,12
DA:46,10
DA:48,12
DA:49,8
DA:51,8
DA:54,4
DA:58,14
DA:62,12
DA:64,12
DA:65,2
DA:68,10
DA:72,14
DA:76,12
DA:78,12
LF:27
LH:27
BRDA:37,0,0,2
BRDA:48,1,0,8
BRDA:49,2,0,3
BRDA:49,2,1,5
BRDA:49,3,0,8
BRDA:49,3,1,8
BRDA:64,4,0,2
BRDA:68,5,0,1
BRDA:68,5,1,9
BRDA:72,6,0,14
BRDA:72,6,1,13
BRDA:72,6,2,13
BRDA:78,7,0,1
BRDA:78,7,1,11
BRF:14
BRH:14
end_of_record
TN:
SF:packages/environment-angular/src/lib/helpers/config-provider-factory.function.ts
FN:10,configProviderFactory
FNF:1
FNH:1
FNDA:186,configProviderFactory
DA:1,11
DA:3,11
DA:10,11
DA:17,186
DA:19,186
DA:20,6
DA:23,180
DA:24,110
DA:27,70
DA:28,2
DA:31,68
LF:11
LH:11
BRDA:17,0,0,40
BRDA:17,0,1,146
BRDA:17,1,0,186
BRDA:17,1,1,185
BRDA:19,2,0,6
BRDA:23,3,0,110
BRDA:27,4,0,2
BRF:7
BRH:7
end_of_record
TN:
SF:packages/environment-angular/src/lib/helpers/get-options-factory.function.ts
FN:9,getOptionsFactory
FN:34,defined
FN:35,(anonymous_2)
FNF:3
FNH:3
FNDA:35,getOptionsFactory
FNDA:20,defined
FNDA:89,(anonymous_2)
DA:2,11
DA:9,11
DA:12,35
DA:13,15
DA:16,20
DA:23,20
DA:24,6
DA:27,14
DA:28,3
DA:31,11
DA:35,89
LF:11
LH:11
BRDA:12,0,0,15
BRDA:23,1,0,6
BRDA:27,2,0,3
BRF:3
BRH:3
end_of_record
TN:
SF:packages/environment-angular/src/lib/helpers/index.ts
FNF:0
FNH:0
DA:5,10
DA:6,10
DA:7,10
DA:8,10
DA:9,10
LF:5
LH:5
BRF:0
BRH:0
end_of_record
TN:
SF:packages/environment-angular/src/lib/helpers/is-class.ts
FN:8,isClass
FNF:1
FNH:1
FNDA:209,isClass
DA:8,12
DA:9,209
LF:2
LH:2
BRDA:9,0,0,209
BRDA:9,0,1,123
BRDA:9,0,2,121
BRF:3
BRH:3
end_of_record
TN:
SF:packages/environment-angular/src/lib/loader/environment-loader.application.ts
FN:13,(anonymous_0)
FNF:1
FNH:1
FNDA:60,(anonymous_0)
DA:1,9
DA:2,9
DA:7,9
DA:9,9
DA:12,9
DA:14,60
DA:18,60
DA:20,60
LF:8
LH:8
BRF:0
BRH:0
end_of_record
TN:
SF:packages/environment-angular/src/lib/loader/index.ts
FNF:0
FNH:0
DA:5,8
LF:1
LH:1
BRF:0
BRH:0
end_of_record
TN:
SF:packages/environment-angular/src/lib/module/environment.module.ts
FN:13,loadBeforeInitFactory
FN:14,(anonymous_1)
FN:25,(anonymous_2)
FN:34,(anonymous_3)
FN:88,(anonymous_4)
FN:107,(anonymous_5)
FNF:6
FNH:6
FNDA:58,loadBeforeInitFactory
FNDA:58,(anonymous_1)
FNDA:40,(anonymous_2)
FNDA:23,(anonymous_3)
FNDA:5,(anonymous_4)
FNDA:62,(anonymous_5)
DA:1,8
DA:2,8
DA:3,8
DA:5,8
DA:6,8
DA:7,8
DA:8,8
DA:9,8
DA:10,8
DA:14,58
DA:18,8
DA:26,40
DA:35,23
DA:89,5
DA:107,62
DA:108,62
DA:110,62
DA:111,1
DA:117,61
LF:19
LH:19
BRDA:40,0,0,2
BRDA:40,0,1,21
BRDA:40,1,0,23
BRDA:40,1,1,23
BRDA:45,2,0,2
BRDA:45,2,1,21
BRDA:45,3,0,23
BRDA:45,3,1,23
BRDA:50,4,0,2
BRDA:50,4,1,21
BRDA:50,5,0,23
BRDA:50,5,1,23
BRDA:56,6,0,2
BRDA:56,6,1,21
BRDA:56,7,0,23
BRDA:56,7,1,23
BRDA:61,8,0,2
BRDA:61,8,1,21
BRDA:61,9,0,23
BRDA:61,9,1,23
BRDA:67,10,0,2
BRDA:67,10,1,21
BRDA:67,11,0,23
BRDA:67,11,1,23
BRDA:72,12,0,2
BRDA:72,12,1,21
BRDA:72,13,0,23
BRDA:72,13,1,23
BRDA:76,14,0,22
BRDA:76,14,1,1
BRDA:76,15,0,1
BRDA:76,15,1,22
BRDA:76,16,0,23
BRDA:76,16,1,23
BRDA:76,17,0,2
BRDA:76,17,1,21
BRDA:76,18,0,23
BRDA:76,18,1,23
BRDA:94,19,0,2
BRDA:94,19,1,3
BRDA:94,20,0,5
BRDA:94,20,1,5
BRDA:99,21,0,2
BRDA:99,21,1,3
BRDA:99,22,0,5
BRDA:99,22,1,5
BRDA:110,23,0,1
BRF:47
BRH:47
end_of_record
TN:
SF:packages/environment-angular/src/lib/module/index.ts
FNF:0
FNH:0
DA:5,7
DA:6,7
LF:2
LH:2
BRF:0
BRH:0
end_of_record
TN:
SF:packages/environment-angular/src/lib/pipes/environment-value-reactive.pipe.ts
FN:21,(anonymous_0)
FN:28,(anonymous_1)
FNF:2
FNH:2
FNDA:9,(anonymous_0)
FNDA:8,(anonymous_1)
DA:1,1
DA:2,1
DA:3,1
DA:5,1
DA:11,1
DA:25,9
DA:28,8
LF:7
LH:7
BRDA:26,0,0,8
BRDA:26,0,1,1
BRDA:26,1,0,9
BRDA:26,1,1,9
BRDA:26,2,0,1
BRDA:26,2,1,8
BRDA:26,3,0,9
BRDA:26,3,1,9
BRDA:28,4,0,7
BRDA:28,4,1,1
BRF:10
BRH:10
end_of_record
TN:
SF:packages/environment-angular/src/lib/pipes/environment-value.pipe.ts
FN:20,(anonymous_0)
FNF:1
FNH:1
FNDA:11,(anonymous_0)
DA:1,1
DA:2,1
DA:4,1
DA:10,1
DA:24,11
DA:26,10
LF:6
LH:6
BRDA:24,0,0,1
BRDA:24,0,1,10
BRDA:24,1,0,11
BRDA:24,1,1,11
BRDA:26,2,0,8
BRDA:26,2,1,2
BRF:6
BRH:6
end_of_record
TN:
SF:packages/environment-angular/src/lib/query/environment-query-config.token.ts
FNF:0
FNH:0
DA:1,10
DA:7,10
LF:2
LH:2
BRF:0
BRH:0
end_of_record
TN:
SF:packages/environment-angular/src/lib/query/environment-query.application.ts
FN:12,(anonymous_0)
FNF:1
FNH:1
FNDA:63,(anonymous_0)
DA:1,10
DA:2,10
DA:8,10
DA:11,10
DA:13,63
DA:17,63
DA:19,63
LF:7
LH:7
BRF:0
BRH:0
end_of_record
TN:
SF:packages/environment-angular/src/lib/query/index.ts
FNF:0
FNH:0
DA:5,9
DA:6,9
LF:2
LH:2
BRF:0
BRH:0
end_of_record
TN:
SF:packages/environment-angular/src/lib/service/environment-service.application.ts
FN:6,(anonymous_0)
FNF:1
FNH:1
FNDA:58,(anonymous_0)
DA:1,9
DA:2,9
DA:5,9
DA:6,58
DA:7,58
LF:5
LH:5
BRF:0
BRH:0
end_of_record
TN:
SF:packages/environment-angular/src/lib/service/index.ts
FNF:0
FNH:0
DA:5,9
LF:1
LH:1
BRF:0
BRH:0
end_of_record
TN:
SF:packages/environment-angular/src/lib/source/environment-sources-factory.token.ts
FN:14,(anonymous_0)
FN:24,(anonymous_1)
FN:25,(anonymous_2)
FN:26,(anonymous_3)
FNF:4
FNH:4
FNDA:72,(anonymous_0)
FNDA:21,(anonymous_1)
FNDA:20,(anonymous_2)
FNDA:20,(anonymous_3)
DA:1,10
DA:5,10
DA:6,10
DA:11,10
DA:15,72
DA:19,72
DA:20,63
DA:23,9
DA:24,21
DA:25,20
DA:26,20
DA:28,8
DA:29,1
DA:32,7
LF:14
LH:14
BRDA:19,0,0,63
BRDA:24,1,0,7
BRDA:24,1,1,14
BRDA:28,2,0,1
BRDA:32,3,0,1
BRDA:32,3,1,6
BRF:6
BRH:6
end_of_record
TN:
SF:packages/environment-angular/src/lib/source/environment-sources.token.ts
FNF:0
FNH:0
DA:1,10
DA:10,10
LF:2
LH:2
BRF:0
BRH:0
end_of_record
TN:
SF:packages/environment-angular/src/lib/source/index.ts
FNF:0
FNH:0
DA:5,9
DA:6,9
LF:2
LH:2
BRF:0
BRH:0
end_of_record
TN:
SF:packages/environment-angular/src/lib/store/environment-initial-state.token.ts
FN:11,(anonymous_0)
FNF:1
FNH:1
FNDA:3,(anonymous_0)
DA:1,11
DA:7,11
DA:11,3
LF:3
LH:3
BRF:0
BRH:0
end_of_record
TN:
SF:packages/environment-angular/src/lib/store/environment-store.application.ts
FN:8,(anonymous_0)
FNF:1
FNH:1
FNDA:63,(anonymous_0)
DA:1,10
DA:2,10
DA:4,10
DA:7,10
DA:10,63
DA:12,63
LF:6
LH:6
BRDA:10,0,0,0
BRF:1
BRH:0
end_of_record
TN:
SF:packages/environment-angular/src/lib/store/index.ts
FNF:0
FNH:0
DA:5,9
DA:6,9
LF:2
LH:2
BRF:0
BRH:0
end_of_record
