TN:
SF:packages/anymap/src/lib/anymap.class.ts
FN:11,(anonymous_0)
FN:18,(anonymous_1)
FN:25,(anonymous_2)
FN:32,(anonymous_3)
FN:39,(anonymous_4)
FN:40,(anonymous_5)
FN:43,(anonymous_6)
FN:57,(anonymous_7)
FN:67,(anonymous_8)
FN:78,(anonymous_9)
FN:79,(anonymous_10)
FN:97,(anonymous_11)
FN:98,(anonymous_12)
FN:110,(anonymous_13)
FN:121,(anonymous_14)
FN:132,(anonymous_15)
FN:144,(anonymous_16)
FN:145,(anonymous_17)
FN:146,(anonymous_18)
FN:159,mergeWithArray
FNF:20
FNH:20
FNDA:20,(anonymous_0)
FNDA:193,(anonymous_1)
FNDA:18,(anonymous_2)
FNDA:5,(anonymous_3)
FNDA:3,(anonymous_4)
FNDA:59,(anonymous_5)
FNDA:63,(anonymous_6)
FNDA:23,(anonymous_7)
FNDA:1,(anonymous_8)
FNDA:17,(anonymous_9)
FNDA:25,(anonymous_10)
FNDA:3,(anonymous_11)
FNDA:15,(anonymous_12)
FNDA:1,(anonymous_13)
FNDA:2,(anonymous_14)
FNDA:1,(anonymous_15)
FNDA:3,(anonymous_16)
FNDA:60,(anonymous_17)
FNDA:68,(anonymous_18)
FNDA:2407,mergeWithArray
DA:1,1
DA:3,1
DA:8,1
DA:9,20
DA:12,20
DA:19,193
DA:26,18
DA:33,5
DA:40,3
DA:41,59
DA:43,59
DA:44,63
DA:47,59
DA:58,23
DA:60,23
DA:68,1
DA:70,1
DA:79,17
DA:80,25
DA:82,25
DA:83,25
DA:86,25
DA:89,17
DA:98,3
DA:99,15
DA:102,3
DA:111,1
DA:113,1
DA:122,2
DA:124,2
DA:133,1
DA:135,1
DA:145,3
DA:146,68
DA:148,60
DA:149,14
DA:151,46
DA:155,3
DA:160,2407
DA:161,3
DA:164,2404
LF:41
LH:41
BRDA:82,0,0,25
BRDA:82,1,0,25
BRDA:82,1,1,25
BRDA:148,2,0,14
BRDA:148,2,1,46
BRDA:160,3,0,3
BRF:6
BRH:6
end_of_record
