TN:
SF:packages/race-condition/src/lib/race-condition-free-subscription.ts
FN:9,(anonymous_0)
FN:20,(anonymous_1)
FN:29,(anonymous_2)
FN:39,(anonymous_3)
FN:49,(anonymous_4)
FN:53,(anonymous_5)
FN:59,(anonymous_6)
FN:60,(anonymous_7)
FN:66,(anonymous_8)
FNF:9
FNH:9
FNDA:19,(anonymous_0)
FNDA:38,(anonymous_1)
FNDA:38,(anonymous_2)
FNDA:8,(anonymous_3)
FNDA:5,(anonymous_4)
FNDA:5,(anonymous_5)
FNDA:1,(anonymous_6)
FNDA:3,(anonymous_7)
FNDA:5,(anonymous_8)
DA:1,2
DA:9,2
DA:10,19
DA:21,38
DA:23,38
DA:24,34
DA:25,34
DA:30,38
DA:40,8
DA:41,8
DA:50,5
DA:51,1
DA:53,4
DA:54,5
DA:60,1
DA:61,3
DA:62,3
DA:67,5
DA:69,5
DA:70,4
DA:71,4
LF:21
LH:21
BRDA:23,0,0,34
BRDA:24,1,0,23
BRDA:24,1,1,11
BRDA:24,2,0,34
BRDA:24,2,1,34
BRDA:30,3,0,38
BRDA:30,3,1,15
BRDA:30,3,2,8
BRDA:41,4,0,6
BRDA:41,4,1,2
BRDA:50,5,0,1
BRDA:50,5,1,4
BRDA:69,6,0,4
BRF:13
BRH:13
end_of_record
TN:
SF:packages/race-condition/src/lib/race-condition-free.decorator.ts
FN:8,RaceConditionFree
FN:9,(anonymous_1)
FN:16,(anonymous_2)
FN:20,(anonymous_3)
FNF:4
FNH:4
FNDA:2,RaceConditionFree
FNDA:2,(anonymous_1)
FNDA:8,(anonymous_2)
FNDA:7,(anonymous_3)
DA:1,1
DA:3,1
DA:8,1
DA:9,2
DA:10,2
DA:12,2
DA:13,2
DA:14,2
DA:16,2
DA:17,8
DA:19,8
DA:20,8
DA:23,8
DA:27,2
LF:14
LH:14
BRDA:12,0,0,2
BRDA:19,1,0,8
BRF:2
BRH:2
end_of_record
